{"/data/data/com.termux/files/home/aura-nx/mcp-server/src/capture.ts": {"path":"/data/data/com.termux/files/home/aura-nx/mcp-server/src/capture.ts","all":false,"statementMap":{"0":{"start":{"line":1,"column":0},"end":{"line":1,"column":27}},"8":{"start":{"line":9,"column":0},"end":{"line":9,"column":72}},"9":{"start":{"line":10,"column":0},"end":{"line":10,"column":43}},"10":{"start":{"line":11,"column":0},"end":{"line":11,"column":36}},"11":{"start":{"line":12,"column":0},"end":{"line":12,"column":23}},"12":{"start":{"line":13,"column":0},"end":{"line":13,"column":18}},"14":{"start":{"line":15,"column":0},"end":{"line":15,"column":36}},"15":{"start":{"line":16,"column":0},"end":{"line":16,"column":23}},"16":{"start":{"line":17,"column":0},"end":{"line":17,"column":23}},"17":{"start":{"line":18,"column":0},"end":{"line":18,"column":33}},"18":{"start":{"line":19,"column":0},"end":{"line":19,"column":19}},"19":{"start":{"line":20,"column":0},"end":{"line":20,"column":13}},"20":{"start":{"line":21,"column":0},"end":{"line":21,"column":8}},"21":{"start":{"line":22,"column":0},"end":{"line":22,"column":44}},"22":{"start":{"line":23,"column":0},"end":{"line":23,"column":7}},"24":{"start":{"line":25,"column":0},"end":{"line":25,"column":34}},"25":{"start":{"line":26,"column":0},"end":{"line":26,"column":31}},"27":{"start":{"line":28,"column":0},"end":{"line":28,"column":11}},"28":{"start":{"line":29,"column":0},"end":{"line":29,"column":42}},"29":{"start":{"line":30,"column":0},"end":{"line":30,"column":30}},"30":{"start":{"line":31,"column":0},"end":{"line":31,"column":35}},"31":{"start":{"line":32,"column":0},"end":{"line":32,"column":27}},"32":{"start":{"line":33,"column":0},"end":{"line":33,"column":36}},"33":{"start":{"line":34,"column":0},"end":{"line":34,"column":80}},"34":{"start":{"line":35,"column":0},"end":{"line":35,"column":27}},"35":{"start":{"line":36,"column":0},"end":{"line":36,"column":9}},"36":{"start":{"line":37,"column":0},"end":{"line":37,"column":19}},"38":{"start":{"line":39,"column":0},"end":{"line":39,"column":7}},"39":{"start":{"line":40,"column":0},"end":{"line":40,"column":7}},"41":{"start":{"line":42,"column":0},"end":{"line":42,"column":33}},"42":{"start":{"line":43,"column":0},"end":{"line":43,"column":18}},"43":{"start":{"line":44,"column":0},"end":{"line":44,"column":7}},"45":{"start":{"line":46,"column":0},"end":{"line":46,"column":30}},"46":{"start":{"line":47,"column":0},"end":{"line":47,"column":17}},"47":{"start":{"line":48,"column":0},"end":{"line":48,"column":13}},"48":{"start":{"line":49,"column":0},"end":{"line":49,"column":44}},"49":{"start":{"line":50,"column":0},"end":{"line":50,"column":32}},"50":{"start":{"line":51,"column":0},"end":{"line":51,"column":37}},"51":{"start":{"line":52,"column":0},"end":{"line":52,"column":18}},"52":{"start":{"line":53,"column":0},"end":{"line":53,"column":79}},"53":{"start":{"line":54,"column":0},"end":{"line":54,"column":11}},"54":{"start":{"line":55,"column":0},"end":{"line":55,"column":21}},"55":{"start":{"line":56,"column":0},"end":{"line":56,"column":71}},"56":{"start":{"line":57,"column":0},"end":{"line":57,"column":9}},"57":{"start":{"line":58,"column":0},"end":{"line":58,"column":14}},"58":{"start":{"line":59,"column":0},"end":{"line":59,"column":60}},"59":{"start":{"line":60,"column":0},"end":{"line":60,"column":7}},"60":{"start":{"line":61,"column":0},"end":{"line":61,"column":7}},"63":{"start":{"line":64,"column":0},"end":{"line":64,"column":28}},"64":{"start":{"line":65,"column":0},"end":{"line":65,"column":32}},"65":{"start":{"line":66,"column":0},"end":{"line":66,"column":23}},"66":{"start":{"line":67,"column":0},"end":{"line":67,"column":48}},"67":{"start":{"line":68,"column":0},"end":{"line":68,"column":7}},"68":{"start":{"line":69,"column":0},"end":{"line":69,"column":5}},"69":{"start":{"line":70,"column":0},"end":{"line":70,"column":1}}},"s":{"0":1,"8":9,"9":9,"10":9,"11":9,"12":9,"14":9,"15":9,"16":9,"17":9,"18":9,"19":9,"20":9,"21":9,"22":9,"24":9,"25":7,"27":7,"28":7,"29":7,"30":3,"31":3,"32":7,"33":1,"34":1,"35":1,"36":7,"38":2,"39":9,"41":9,"42":1,"43":9,"45":9,"46":4,"47":3,"48":3,"49":3,"50":1,"51":1,"52":1,"53":1,"54":3,"55":1,"56":1,"57":4,"58":1,"59":1,"60":9,"63":9,"64":9,"65":1,"66":1,"67":9,"68":9,"69":9},"branchMap":{"0":{"type":"branch","line":9,"loc":{"start":{"line":9,"column":0},"end":{"line":70,"column":1}},"locations":[{"start":{"line":9,"column":0},"end":{"line":70,"column":1}}]},"1":{"type":"branch","line":10,"loc":{"start":{"line":10,"column":21},"end":{"line":69,"column":3}},"locations":[{"start":{"line":10,"column":21},"end":{"line":69,"column":3}}]},"2":{"type":"branch","line":15,"loc":{"start":{"line":15,"column":29},"end":{"line":23,"column":5}},"locations":[{"start":{"line":15,"column":29},"end":{"line":23,"column":5}}]},"3":{"type":"branch","line":25,"loc":{"start":{"line":25,"column":22},"end":{"line":40,"column":5}},"locations":[{"start":{"line":25,"column":22},"end":{"line":40,"column":5}}]},"4":{"type":"branch","line":30,"loc":{"start":{"line":30,"column":29},"end":{"line":33,"column":19}},"locations":[{"start":{"line":30,"column":29},"end":{"line":33,"column":19}}]},"5":{"type":"branch","line":33,"loc":{"start":{"line":33,"column":8},"end":{"line":36,"column":9}},"locations":[{"start":{"line":33,"column":8},"end":{"line":36,"column":9}}]},"6":{"type":"branch","line":33,"loc":{"start":{"line":33,"column":35},"end":{"line":36,"column":9}},"locations":[{"start":{"line":33,"column":35},"end":{"line":36,"column":9}}]},"7":{"type":"branch","line":34,"loc":{"start":{"line":34,"column":42},"end":{"line":34,"column":77}},"locations":[{"start":{"line":34,"column":42},"end":{"line":34,"column":77}}]},"8":{"type":"branch","line":37,"loc":{"start":{"line":37,"column":6},"end":{"line":39,"column":7}},"locations":[{"start":{"line":37,"column":6},"end":{"line":39,"column":7}}]},"9":{"type":"branch","line":42,"loc":{"start":{"line":42,"column":23},"end":{"line":44,"column":5}},"locations":[{"start":{"line":42,"column":23},"end":{"line":44,"column":5}}]},"10":{"type":"branch","line":46,"loc":{"start":{"line":46,"column":23},"end":{"line":61,"column":5}},"locations":[{"start":{"line":46,"column":23},"end":{"line":61,"column":5}}]},"11":{"type":"branch","line":47,"loc":{"start":{"line":47,"column":16},"end":{"line":58,"column":13}},"locations":[{"start":{"line":47,"column":16},"end":{"line":58,"column":13}}]},"12":{"type":"branch","line":50,"loc":{"start":{"line":50,"column":31},"end":{"line":54,"column":11}},"locations":[{"start":{"line":50,"column":31},"end":{"line":54,"column":11}}]},"13":{"type":"branch","line":55,"loc":{"start":{"line":55,"column":8},"end":{"line":57,"column":9}},"locations":[{"start":{"line":55,"column":8},"end":{"line":57,"column":9}}]},"14":{"type":"branch","line":58,"loc":{"start":{"line":58,"column":6},"end":{"line":60,"column":7}},"locations":[{"start":{"line":58,"column":6},"end":{"line":60,"column":7}}]},"15":{"type":"branch","line":65,"loc":{"start":{"line":65,"column":25},"end":{"line":68,"column":5}},"locations":[{"start":{"line":65,"column":25},"end":{"line":68,"column":5}}]}},"b":{"0":[9],"1":[9],"2":[9],"3":[7],"4":[3],"5":[2],"6":[1],"7":[0],"8":[2],"9":[1],"10":[4],"11":[3],"12":[1],"13":[1],"14":[1],"15":[1]},"fnMap":{"0":{"name":"handleCaptureScreen","decl":{"start":{"line":9,"column":0},"end":{"line":70,"column":1}},"loc":{"start":{"line":9,"column":0},"end":{"line":70,"column":1}},"line":9}},"f":{"0":9}}
,"/data/data/com.termux/files/home/aura-nx/mcp-server/src/crash_monitor.ts": {"path":"/data/data/com.termux/files/home/aura-nx/mcp-server/src/crash_monitor.ts","all":false,"statementMap":{"0":{"start":{"line":1,"column":0},"end":{"line":1,"column":27}},"1":{"start":{"line":2,"column":0},"end":{"line":2,"column":41}},"2":{"start":{"line":3,"column":0},"end":{"line":3,"column":25}},"3":{"start":{"line":4,"column":0},"end":{"line":4,"column":29}},"9":{"start":{"line":10,"column":0},"end":{"line":10,"column":37}},"10":{"start":{"line":11,"column":0},"end":{"line":11,"column":21}},"12":{"start":{"line":13,"column":0},"end":{"line":13,"column":47}},"13":{"start":{"line":14,"column":0},"end":{"line":14,"column":71}},"15":{"start":{"line":16,"column":0},"end":{"line":16,"column":36}},"17":{"start":{"line":18,"column":0},"end":{"line":18,"column":33}},"18":{"start":{"line":19,"column":0},"end":{"line":19,"column":69}},"19":{"start":{"line":20,"column":0},"end":{"line":20,"column":52}},"20":{"start":{"line":21,"column":0},"end":{"line":21,"column":7}},"22":{"start":{"line":23,"column":0},"end":{"line":23,"column":34}},"23":{"start":{"line":24,"column":0},"end":{"line":24,"column":87}},"25":{"start":{"line":26,"column":0},"end":{"line":26,"column":33}},"27":{"start":{"line":28,"column":0},"end":{"line":28,"column":77}},"28":{"start":{"line":29,"column":0},"end":{"line":29,"column":46}},"29":{"start":{"line":30,"column":0},"end":{"line":30,"column":67}},"32":{"start":{"line":33,"column":0},"end":{"line":33,"column":30}},"33":{"start":{"line":34,"column":0},"end":{"line":34,"column":7}},"34":{"start":{"line":35,"column":0},"end":{"line":35,"column":7}},"36":{"start":{"line":37,"column":0},"end":{"line":37,"column":33}},"37":{"start":{"line":38,"column":0},"end":{"line":38,"column":58}},"38":{"start":{"line":39,"column":0},"end":{"line":39,"column":7}},"39":{"start":{"line":40,"column":0},"end":{"line":40,"column":5}},"41":{"start":{"line":42,"column":0},"end":{"line":42,"column":29}},"42":{"start":{"line":43,"column":0},"end":{"line":43,"column":81}},"43":{"start":{"line":44,"column":0},"end":{"line":44,"column":5}},"44":{"start":{"line":45,"column":0},"end":{"line":45,"column":1}},"49":{"start":{"line":50,"column":0},"end":{"line":50,"column":40}},"51":{"start":{"line":52,"column":0},"end":{"line":52,"column":57}},"52":{"start":{"line":53,"column":0},"end":{"line":53,"column":45}},"54":{"start":{"line":55,"column":0},"end":{"line":55,"column":37}},"55":{"start":{"line":56,"column":0},"end":{"line":56,"column":65}},"57":{"start":{"line":58,"column":0},"end":{"line":58,"column":31}},"58":{"start":{"line":59,"column":0},"end":{"line":59,"column":113}},"59":{"start":{"line":60,"column":0},"end":{"line":60,"column":18}},"60":{"start":{"line":61,"column":0},"end":{"line":61,"column":75}},"61":{"start":{"line":62,"column":0},"end":{"line":62,"column":15}},"62":{"start":{"line":63,"column":0},"end":{"line":63,"column":7}},"63":{"start":{"line":64,"column":0},"end":{"line":64,"column":19}},"64":{"start":{"line":65,"column":0},"end":{"line":65,"column":69}},"65":{"start":{"line":66,"column":0},"end":{"line":66,"column":15}},"66":{"start":{"line":67,"column":0},"end":{"line":67,"column":7}},"67":{"start":{"line":68,"column":0},"end":{"line":68,"column":81}},"68":{"start":{"line":69,"column":0},"end":{"line":69,"column":7}},"69":{"start":{"line":70,"column":0},"end":{"line":70,"column":10}},"70":{"start":{"line":71,"column":0},"end":{"line":71,"column":68}},"71":{"start":{"line":72,"column":0},"end":{"line":72,"column":64}},"72":{"start":{"line":73,"column":0},"end":{"line":73,"column":61}},"73":{"start":{"line":74,"column":0},"end":{"line":74,"column":3}},"74":{"start":{"line":75,"column":0},"end":{"line":75,"column":1}}},"s":{"0":1,"1":1,"2":1,"3":1,"9":1,"10":5,"12":5,"13":5,"15":5,"17":5,"18":4,"19":4,"20":5,"22":5,"23":4,"25":4,"27":4,"28":4,"29":4,"32":4,"33":4,"34":5,"36":5,"37":1,"38":5,"39":5,"41":5,"42":5,"43":5,"44":5,"49":4,"51":4,"52":4,"54":4,"55":4,"57":4,"58":3,"59":3,"60":1,"61":1,"62":1,"63":3,"64":1,"65":1,"66":1,"67":1,"68":3,"69":4,"70":1,"71":1,"72":1,"73":1,"74":4},"branchMap":{"0":{"type":"branch","line":10,"loc":{"start":{"line":10,"column":7},"end":{"line":45,"column":1}},"locations":[{"start":{"line":10,"column":7},"end":{"line":45,"column":1}}]},"1":{"type":"branch","line":13,"loc":{"start":{"line":13,"column":34},"end":{"line":40,"column":3}},"locations":[{"start":{"line":13,"column":34},"end":{"line":40,"column":3}}]},"2":{"type":"branch","line":18,"loc":{"start":{"line":18,"column":22},"end":{"line":21,"column":5}},"locations":[{"start":{"line":18,"column":22},"end":{"line":21,"column":5}}]},"3":{"type":"branch","line":19,"loc":{"start":{"line":19,"column":44},"end":{"line":19,"column":69}},"locations":[{"start":{"line":19,"column":44},"end":{"line":19,"column":69}}]},"4":{"type":"branch","line":23,"loc":{"start":{"line":23,"column":21},"end":{"line":35,"column":5}},"locations":[{"start":{"line":23,"column":21},"end":{"line":35,"column":5}}]},"5":{"type":"branch","line":37,"loc":{"start":{"line":37,"column":23},"end":{"line":39,"column":5}},"locations":[{"start":{"line":37,"column":23},"end":{"line":39,"column":5}}]},"6":{"type":"branch","line":42,"loc":{"start":{"line":42,"column":22},"end":{"line":44,"column":3}},"locations":[{"start":{"line":42,"column":22},"end":{"line":44,"column":3}}]},"7":{"type":"branch","line":50,"loc":{"start":{"line":50,"column":0},"end":{"line":75,"column":1}},"locations":[{"start":{"line":50,"column":0},"end":{"line":75,"column":1}}]},"8":{"type":"branch","line":58,"loc":{"start":{"line":58,"column":30},"end":{"line":70,"column":9}},"locations":[{"start":{"line":58,"column":30},"end":{"line":70,"column":9}}]},"9":{"type":"branch","line":70,"loc":{"start":{"line":70,"column":2},"end":{"line":74,"column":3}},"locations":[{"start":{"line":70,"column":2},"end":{"line":74,"column":3}}]},"10":{"type":"branch","line":59,"loc":{"start":{"line":59,"column":85},"end":{"line":69,"column":5}},"locations":[{"start":{"line":59,"column":85},"end":{"line":69,"column":5}}]},"11":{"type":"branch","line":60,"loc":{"start":{"line":60,"column":17},"end":{"line":63,"column":7}},"locations":[{"start":{"line":60,"column":17},"end":{"line":63,"column":7}}]},"12":{"type":"branch","line":63,"loc":{"start":{"line":63,"column":6},"end":{"line":64,"column":18}},"locations":[{"start":{"line":63,"column":6},"end":{"line":64,"column":18}}]},"13":{"type":"branch","line":64,"loc":{"start":{"line":64,"column":18},"end":{"line":68,"column":81}},"locations":[{"start":{"line":64,"column":18},"end":{"line":68,"column":81}}]}},"b":{"0":[5],"1":[5],"2":[4],"3":[0],"4":[4],"5":[1],"6":[5],"7":[4],"8":[3],"9":[1],"10":[3],"11":[1],"12":[2],"13":[1]},"fnMap":{"0":{"name":"startCrashMonitor","decl":{"start":{"line":10,"column":7},"end":{"line":45,"column":1}},"loc":{"start":{"line":10,"column":7},"end":{"line":45,"column":1}},"line":10},"1":{"name":"symbolicate","decl":{"start":{"line":50,"column":0},"end":{"line":75,"column":1}},"loc":{"start":{"line":50,"column":0},"end":{"line":75,"column":1}},"line":50}},"f":{"0":5,"1":4}}
,"/data/data/com.termux/files/home/aura-nx/mcp-server/src/discovery.ts": {"path":"/data/data/com.termux/files/home/aura-nx/mcp-server/src/discovery.ts","all":false,"statementMap":{"0":{"start":{"line":1,"column":0},"end":{"line":1,"column":31}},"2":{"start":{"line":3,"column":0},"end":{"line":3,"column":29}},"3":{"start":{"line":4,"column":0},"end":{"line":4,"column":41}},"5":{"start":{"line":6,"column":0},"end":{"line":6,"column":40}},"11":{"start":{"line":12,"column":0},"end":{"line":12,"column":74}},"12":{"start":{"line":13,"column":0},"end":{"line":13,"column":44}},"14":{"start":{"line":15,"column":0},"end":{"line":15,"column":40}},"15":{"start":{"line":16,"column":0},"end":{"line":16,"column":46}},"16":{"start":{"line":17,"column":0},"end":{"line":17,"column":46}},"17":{"start":{"line":18,"column":0},"end":{"line":18,"column":41}},"18":{"start":{"line":19,"column":0},"end":{"line":19,"column":79}},"19":{"start":{"line":20,"column":0},"end":{"line":20,"column":34}},"20":{"start":{"line":21,"column":0},"end":{"line":21,"column":7}},"21":{"start":{"line":22,"column":0},"end":{"line":22,"column":5}},"22":{"start":{"line":23,"column":0},"end":{"line":23,"column":5}},"24":{"start":{"line":25,"column":0},"end":{"line":25,"column":31}},"25":{"start":{"line":26,"column":0},"end":{"line":26,"column":62}},"26":{"start":{"line":27,"column":0},"end":{"line":27,"column":5}},"28":{"start":{"line":29,"column":0},"end":{"line":29,"column":37}},"29":{"start":{"line":30,"column":0},"end":{"line":30,"column":73}},"30":{"start":{"line":31,"column":0},"end":{"line":31,"column":5}},"31":{"start":{"line":32,"column":0},"end":{"line":32,"column":1}}},"s":{"0":1,"2":1,"3":1,"5":1,"11":1,"12":2,"14":2,"15":3,"16":2,"17":1,"18":1,"19":1,"20":1,"21":2,"22":2,"24":2,"25":1,"26":2,"28":2,"29":2,"30":2,"31":2},"branchMap":{"0":{"type":"branch","line":12,"loc":{"start":{"line":12,"column":7},"end":{"line":32,"column":1}},"locations":[{"start":{"line":12,"column":7},"end":{"line":32,"column":1}}]},"1":{"type":"branch","line":15,"loc":{"start":{"line":15,"column":23},"end":{"line":23,"column":3}},"locations":[{"start":{"line":15,"column":23},"end":{"line":23,"column":3}}]},"2":{"type":"branch","line":16,"loc":{"start":{"line":16,"column":45},"end":{"line":22,"column":5}},"locations":[{"start":{"line":16,"column":45},"end":{"line":22,"column":5}}]},"3":{"type":"branch","line":17,"loc":{"start":{"line":17,"column":45},"end":{"line":21,"column":7}},"locations":[{"start":{"line":17,"column":45},"end":{"line":21,"column":7}}]},"4":{"type":"branch","line":25,"loc":{"start":{"line":25,"column":21},"end":{"line":27,"column":3}},"locations":[{"start":{"line":25,"column":21},"end":{"line":27,"column":3}}]},"5":{"type":"branch","line":29,"loc":{"start":{"line":29,"column":30},"end":{"line":31,"column":3}},"locations":[{"start":{"line":29,"column":30},"end":{"line":31,"column":3}}]}},"b":{"0":[2],"1":[3],"2":[2],"3":[1],"4":[1],"5":[2]},"fnMap":{"0":{"name":"startDiscoveryListener","decl":{"start":{"line":12,"column":7},"end":{"line":32,"column":1}},"loc":{"start":{"line":12,"column":7},"end":{"line":32,"column":1}},"line":12}},"f":{"0":2}}
,"/data/data/com.termux/files/home/aura-nx/mcp-server/src/save_manager.ts": {"path":"/data/data/com.termux/files/home/aura-nx/mcp-server/src/save_manager.ts","all":false,"statementMap":{"0":{"start":{"line":1,"column":0},"end":{"line":1,"column":27}},"2":{"start":{"line":3,"column":0},"end":{"line":3,"column":29}},"11":{"start":{"line":12,"column":0},"end":{"line":12,"column":77}},"12":{"start":{"line":13,"column":0},"end":{"line":13,"column":43}},"13":{"start":{"line":14,"column":0},"end":{"line":14,"column":36}},"14":{"start":{"line":15,"column":0},"end":{"line":15,"column":26}},"16":{"start":{"line":17,"column":0},"end":{"line":17,"column":28}},"17":{"start":{"line":18,"column":0},"end":{"line":18,"column":46}},"18":{"start":{"line":19,"column":0},"end":{"line":19,"column":35}},"19":{"start":{"line":20,"column":0},"end":{"line":20,"column":23}},"20":{"start":{"line":21,"column":0},"end":{"line":21,"column":30}},"21":{"start":{"line":22,"column":0},"end":{"line":22,"column":25}},"22":{"start":{"line":23,"column":0},"end":{"line":23,"column":13}},"23":{"start":{"line":24,"column":0},"end":{"line":24,"column":10}},"24":{"start":{"line":25,"column":0},"end":{"line":25,"column":7}},"26":{"start":{"line":27,"column":0},"end":{"line":27,"column":33}},"27":{"start":{"line":28,"column":0},"end":{"line":28,"column":38}},"28":{"start":{"line":29,"column":0},"end":{"line":29,"column":11}},"29":{"start":{"line":30,"column":0},"end":{"line":30,"column":50}},"30":{"start":{"line":31,"column":0},"end":{"line":31,"column":29}},"31":{"start":{"line":32,"column":0},"end":{"line":32,"column":71}},"32":{"start":{"line":33,"column":0},"end":{"line":33,"column":16}},"33":{"start":{"line":34,"column":0},"end":{"line":34,"column":78}},"34":{"start":{"line":35,"column":0},"end":{"line":35,"column":9}},"35":{"start":{"line":36,"column":0},"end":{"line":36,"column":25}},"36":{"start":{"line":37,"column":0},"end":{"line":37,"column":19}},"38":{"start":{"line":39,"column":0},"end":{"line":39,"column":7}},"39":{"start":{"line":40,"column":0},"end":{"line":40,"column":7}},"41":{"start":{"line":42,"column":0},"end":{"line":42,"column":32}},"42":{"start":{"line":43,"column":0},"end":{"line":43,"column":23}},"43":{"start":{"line":44,"column":0},"end":{"line":44,"column":72}},"44":{"start":{"line":45,"column":0},"end":{"line":45,"column":7}},"46":{"start":{"line":47,"column":0},"end":{"line":47,"column":33}},"47":{"start":{"line":48,"column":0},"end":{"line":48,"column":67}},"48":{"start":{"line":49,"column":0},"end":{"line":49,"column":7}},"49":{"start":{"line":50,"column":0},"end":{"line":50,"column":5}},"50":{"start":{"line":51,"column":0},"end":{"line":51,"column":1}},"59":{"start":{"line":60,"column":0},"end":{"line":60,"column":78}},"60":{"start":{"line":61,"column":0},"end":{"line":61,"column":43}},"61":{"start":{"line":62,"column":0},"end":{"line":62,"column":36}},"62":{"start":{"line":63,"column":0},"end":{"line":63,"column":26}},"64":{"start":{"line":65,"column":0},"end":{"line":65,"column":28}},"65":{"start":{"line":66,"column":0},"end":{"line":66,"column":46}},"66":{"start":{"line":67,"column":0},"end":{"line":67,"column":35}},"67":{"start":{"line":68,"column":0},"end":{"line":68,"column":23}},"68":{"start":{"line":69,"column":0},"end":{"line":69,"column":31}},"69":{"start":{"line":70,"column":0},"end":{"line":70,"column":25}},"70":{"start":{"line":71,"column":0},"end":{"line":71,"column":13}},"71":{"start":{"line":72,"column":0},"end":{"line":72,"column":10}},"72":{"start":{"line":73,"column":0},"end":{"line":73,"column":7}},"74":{"start":{"line":75,"column":0},"end":{"line":75,"column":33}},"75":{"start":{"line":76,"column":0},"end":{"line":76,"column":38}},"76":{"start":{"line":77,"column":0},"end":{"line":77,"column":11}},"77":{"start":{"line":78,"column":0},"end":{"line":78,"column":50}},"78":{"start":{"line":79,"column":0},"end":{"line":79,"column":29}},"79":{"start":{"line":80,"column":0},"end":{"line":80,"column":72}},"80":{"start":{"line":81,"column":0},"end":{"line":81,"column":16}},"81":{"start":{"line":82,"column":0},"end":{"line":82,"column":79}},"82":{"start":{"line":83,"column":0},"end":{"line":83,"column":9}},"83":{"start":{"line":84,"column":0},"end":{"line":84,"column":25}},"84":{"start":{"line":85,"column":0},"end":{"line":85,"column":19}},"86":{"start":{"line":87,"column":0},"end":{"line":87,"column":7}},"87":{"start":{"line":88,"column":0},"end":{"line":88,"column":7}},"89":{"start":{"line":90,"column":0},"end":{"line":90,"column":32}},"90":{"start":{"line":91,"column":0},"end":{"line":91,"column":23}},"91":{"start":{"line":92,"column":0},"end":{"line":92,"column":73}},"92":{"start":{"line":93,"column":0},"end":{"line":93,"column":7}},"94":{"start":{"line":95,"column":0},"end":{"line":95,"column":33}},"95":{"start":{"line":96,"column":0},"end":{"line":96,"column":68}},"96":{"start":{"line":97,"column":0},"end":{"line":97,"column":7}},"97":{"start":{"line":98,"column":0},"end":{"line":98,"column":5}},"98":{"start":{"line":99,"column":0},"end":{"line":99,"column":1}}},"s":{"0":1,"2":1,"11":7,"12":7,"13":7,"14":7,"16":7,"17":7,"18":7,"19":7,"20":7,"21":7,"22":7,"23":7,"24":7,"26":7,"27":6,"28":6,"29":6,"30":6,"31":2,"32":6,"33":3,"34":3,"35":5,"36":6,"38":1,"39":7,"41":7,"42":1,"43":1,"44":7,"46":7,"47":1,"48":7,"49":7,"50":7,"59":6,"60":6,"61":6,"62":6,"64":6,"65":6,"66":6,"67":6,"68":6,"69":6,"70":6,"71":6,"72":6,"74":6,"75":4,"76":4,"77":4,"78":4,"79":2,"80":2,"81":2,"82":2,"83":4,"84":4,"86":0,"87":6,"89":6,"90":1,"91":1,"92":6,"94":6,"95":1,"96":6,"97":6,"98":6},"branchMap":{"0":{"type":"branch","line":12,"loc":{"start":{"line":12,"column":0},"end":{"line":51,"column":1}},"locations":[{"start":{"line":12,"column":0},"end":{"line":51,"column":1}}]},"1":{"type":"branch","line":13,"loc":{"start":{"line":13,"column":21},"end":{"line":50,"column":3}},"locations":[{"start":{"line":13,"column":21},"end":{"line":50,"column":3}}]},"2":{"type":"branch","line":18,"loc":{"start":{"line":18,"column":39},"end":{"line":25,"column":5}},"locations":[{"start":{"line":18,"column":39},"end":{"line":25,"column":5}}]},"3":{"type":"branch","line":27,"loc":{"start":{"line":27,"column":22},"end":{"line":40,"column":5}},"locations":[{"start":{"line":27,"column":22},"end":{"line":40,"column":5}}]},"4":{"type":"branch","line":31,"loc":{"start":{"line":31,"column":28},"end":{"line":33,"column":15}},"locations":[{"start":{"line":31,"column":28},"end":{"line":33,"column":15}}]},"5":{"type":"branch","line":32,"loc":{"start":{"line":32,"column":42},"end":{"line":32,"column":68}},"locations":[{"start":{"line":32,"column":42},"end":{"line":32,"column":68}}]},"6":{"type":"branch","line":33,"loc":{"start":{"line":33,"column":8},"end":{"line":35,"column":9}},"locations":[{"start":{"line":33,"column":8},"end":{"line":35,"column":9}}]},"7":{"type":"branch","line":34,"loc":{"start":{"line":34,"column":35},"end":{"line":34,"column":76}},"locations":[{"start":{"line":34,"column":35},"end":{"line":34,"column":76}}]},"8":{"type":"branch","line":35,"loc":{"start":{"line":35,"column":8},"end":{"line":37,"column":15}},"locations":[{"start":{"line":35,"column":8},"end":{"line":37,"column":15}}]},"9":{"type":"branch","line":37,"loc":{"start":{"line":37,"column":6},"end":{"line":39,"column":7}},"locations":[{"start":{"line":37,"column":6},"end":{"line":39,"column":7}}]},"10":{"type":"branch","line":42,"loc":{"start":{"line":42,"column":25},"end":{"line":45,"column":5}},"locations":[{"start":{"line":42,"column":25},"end":{"line":45,"column":5}}]},"11":{"type":"branch","line":47,"loc":{"start":{"line":47,"column":23},"end":{"line":49,"column":5}},"locations":[{"start":{"line":47,"column":23},"end":{"line":49,"column":5}}]},"12":{"type":"branch","line":60,"loc":{"start":{"line":60,"column":0},"end":{"line":99,"column":1}},"locations":[{"start":{"line":60,"column":0},"end":{"line":99,"column":1}}]},"13":{"type":"branch","line":61,"loc":{"start":{"line":61,"column":21},"end":{"line":98,"column":3}},"locations":[{"start":{"line":61,"column":21},"end":{"line":98,"column":3}}]},"14":{"type":"branch","line":66,"loc":{"start":{"line":66,"column":39},"end":{"line":73,"column":5}},"locations":[{"start":{"line":66,"column":39},"end":{"line":73,"column":5}}]},"15":{"type":"branch","line":75,"loc":{"start":{"line":75,"column":22},"end":{"line":88,"column":5}},"locations":[{"start":{"line":75,"column":22},"end":{"line":88,"column":5}}]},"16":{"type":"branch","line":79,"loc":{"start":{"line":79,"column":28},"end":{"line":83,"column":9}},"locations":[{"start":{"line":79,"column":28},"end":{"line":83,"column":9}}]},"17":{"type":"branch","line":80,"loc":{"start":{"line":80,"column":42},"end":{"line":80,"column":69}},"locations":[{"start":{"line":80,"column":42},"end":{"line":80,"column":69}}]},"18":{"type":"branch","line":82,"loc":{"start":{"line":82,"column":35},"end":{"line":82,"column":77}},"locations":[{"start":{"line":82,"column":35},"end":{"line":82,"column":77}}]},"19":{"type":"branch","line":85,"loc":{"start":{"line":85,"column":6},"end":{"line":87,"column":7}},"locations":[{"start":{"line":85,"column":6},"end":{"line":87,"column":7}}]},"20":{"type":"branch","line":90,"loc":{"start":{"line":90,"column":25},"end":{"line":93,"column":5}},"locations":[{"start":{"line":90,"column":25},"end":{"line":93,"column":5}}]},"21":{"type":"branch","line":95,"loc":{"start":{"line":95,"column":23},"end":{"line":97,"column":5}},"locations":[{"start":{"line":95,"column":23},"end":{"line":97,"column":5}}]}},"b":{"0":[7],"1":[7],"2":[7],"3":[6],"4":[2],"5":[1],"6":[3],"7":[1],"8":[5],"9":[1],"10":[1],"11":[1],"12":[6],"13":[6],"14":[6],"15":[4],"16":[2],"17":[1],"18":[1],"19":[0],"20":[1],"21":[1]},"fnMap":{"0":{"name":"backupSave","decl":{"start":{"line":12,"column":0},"end":{"line":51,"column":1}},"loc":{"start":{"line":12,"column":0},"end":{"line":51,"column":1}},"line":12},"1":{"name":"restoreSave","decl":{"start":{"line":60,"column":0},"end":{"line":99,"column":1}},"loc":{"start":{"line":60,"column":0},"end":{"line":99,"column":1}},"line":60}},"f":{"0":7,"1":6}}
}
